\BOOKMARK [0][-]{chapter*.2}{\376\377\123\141\134\024\000\267\232\154\121\113\140\035\000\040\173\054\116\000\162\110\136\217\212\000}{}% 1
\BOOKMARK [0][-]{chapter*.3}{\376\377\123\141\134\024\000\267\232\154\121\113\140\035\000\040\173\054\116\214\162\110\215\313}{}% 2
\BOOKMARK [0][-]{chapter*.4}{\376\377\123\141\134\024\000\267\232\154\121\113\140\035\000\040\154\325\145\207\162\110\136\217\212\000}{}% 3
\BOOKMARK [0][-]{chapter*.5}{\376\377\123\141\134\024\000\267\232\154\121\113\140\035\000\040\154\325\145\207\162\110\215\313}{}% 4
\BOOKMARK [0][-]{chapter*.6}{\376\377\137\027\221\314\137\267\221\314\136\014\000\267\140\151\150\074\145\257\000\040\173\054\116\011\162\110\136\217\212\000}{}% 5
\BOOKMARK [0][-]{chapter*.7}{\376\377\137\027\221\314\137\267\221\314\136\014\000\267\140\151\150\074\145\257\000\040\202\361\145\207\162\110\136\217\212\000}{}% 6
\BOOKMARK [0][-]{chapter*.8}{\376\377\137\027\221\314\137\267\221\314\136\014\000\267\140\151\150\074\145\257\000\040\173\054\126\333\162\110\136\217\212\000}{}% 7
\BOOKMARK [-1][-]{part.1}{\376\377\173\054\116\000\173\307\000\040\125\106\124\301\124\214\215\047\136\001}{}% 8
\BOOKMARK [0][-]{chapter.1}{\376\377\125\106\124\301}{part.1}% 9
\BOOKMARK [1][-]{section.1.1}{\376\377\125\106\124\301\166\204\116\044\116\052\126\340\175\040\377\032\117\177\165\050\116\367\120\074\124\214\116\367\120\074\377\010\116\367\120\074\133\236\117\123\377\014\116\367\120\074\221\317\377\011}{chapter.1}% 10
\BOOKMARK [1][-]{section.1.2}{\376\377\117\123\163\260\127\050\125\106\124\301\116\055\166\204\122\263\122\250\166\204\116\214\221\315\140\047}{chapter.1}% 11
\BOOKMARK [1][-]{section.1.3}{\376\377\116\367\120\074\137\142\137\017\142\026\116\244\143\142\116\367\120\074}{chapter.1}% 12
\BOOKMARK [2][-]{subsection.1.3.1}{\376\377\173\200\123\125\166\204\060\001\116\052\122\053\166\204\142\026\120\166\161\066\166\204\116\367\120\074\137\142\137\017}{section.1.3}% 13
\BOOKMARK [3][-]{subsubsection.1.3.1.1}{\376\377\116\367\120\074\210\150\163\260\166\204\116\044\147\201\377\032\166\370\133\371\116\367\120\074\137\142\137\017\124\214\173\111\116\367\137\142\137\017}{subsection.1.3.1}% 14
\BOOKMARK [3][-]{subsubsection.1.3.1.2}{\376\377\166\370\133\371\116\367\120\074\137\142\137\017}{subsection.1.3.1}% 15
\BOOKMARK [4][-]{paragraph.1.3.1.2.1}{\376\377\166\370\133\371\116\367\120\074\137\142\137\017\166\204\121\205\133\271}{subsubsection.1.3.1.2}% 16
\BOOKMARK [4][-]{paragraph.1.3.1.2.2}{\376\377\166\370\133\371\116\367\120\074\137\142\137\017\166\204\221\317\166\204\211\304\133\232\140\047}{subsubsection.1.3.1.2}% 17
\BOOKMARK [3][-]{subsubsection.1.3.1.3}{\376\377\173\111\116\367\137\142\137\017}{subsection.1.3.1}% 18
\BOOKMARK [3][-]{subsubsection.1.3.1.4}{\376\377\173\200\123\125\116\367\120\074\137\142\137\017\166\204\140\073\117\123}{subsection.1.3.1}% 19
\BOOKMARK [2][-]{subsection.1.3.2}{\376\377\140\073\124\214\166\204\142\026\142\151\131\047\166\204\116\367\120\074\137\142\137\017}{section.1.3}% 20
\BOOKMARK [3][-]{subsubsection.1.3.2.1}{\376\377\142\151\131\047\166\204\166\370\133\371\116\367\120\074\137\142\137\017}{subsection.1.3.2}% 21
\BOOKMARK [3][-]{subsubsection.1.3.2.2}{\376\377\162\171\153\212\173\111\116\367\137\142\137\017}{subsection.1.3.2}% 22
\BOOKMARK [3][-]{subsubsection.1.3.2.3}{\376\377\140\073\124\214\166\204\142\026\142\151\131\047\166\204\116\367\120\074\137\142\137\017\166\204\177\072\160\271}{subsection.1.3.2}% 23
\BOOKMARK [2][-]{subsection.1.3.3}{\376\377\116\000\202\054\116\367\120\074\137\142\137\017}{section.1.3}% 24
\BOOKMARK [3][-]{subsubsection.1.3.3.1}{\376\377\116\367\120\074\137\142\137\017\166\204\123\330\123\026\116\206\166\204\140\047\215\050}{subsection.1.3.3}% 25
\BOOKMARK [3][-]{subsubsection.1.3.3.2}{\376\377\166\370\133\371\116\367\120\074\137\142\137\017\124\214\173\111\116\367\137\142\137\017\166\204\123\321\134\125\121\163\174\373}{subsection.1.3.3}% 26
\BOOKMARK [3][-]{subsubsection.1.3.3.3}{\376\377\116\316\116\000\202\054\116\367\120\074\137\142\137\017\122\060\215\047\136\001\137\142\137\017\166\204\217\307\156\041}{subsection.1.3.3}% 27
\BOOKMARK [2][-]{subsection.1.3.4}{\376\377\215\047\136\001\137\142\137\017}{section.1.3}% 28
\BOOKMARK [1][-]{section.1.4}{\376\377\125\106\124\301\166\204\142\334\162\151\145\131\140\047\215\050\123\312\121\166\171\330\133\306}{chapter.1}% 29
\BOOKMARK [0][-]{chapter.2}{\376\377\116\244\143\142\217\307\172\013}{part.1}% 30
\BOOKMARK [0][-]{chapter.3}{\376\377\215\047\136\001\142\026\125\106\124\301\155\101\220\032}{part.1}% 31
\BOOKMARK [1][-]{section.3.1}{\376\377\116\367\120\074\134\072\136\246}{chapter.3}% 32
\BOOKMARK [1][-]{section.3.2}{\376\377\155\101\220\032\142\113\153\265}{chapter.3}% 33
\BOOKMARK [2][-]{subsection.3.2.1}{\376\377\125\106\124\301\166\204\137\142\140\001\123\330\123\026}{section.3.2}% 34
\BOOKMARK [2][-]{subsection.3.2.2}{\376\377\215\047\136\001\166\204\155\101\220\032}{section.3.2}% 35
\BOOKMARK [2][-]{subsection.3.2.3}{\376\377\224\370\136\001\060\002\116\367\120\074\173\046\123\367}{section.3.2}% 36
\BOOKMARK [1][-]{section.3.3}{\376\377\215\047\136\001}{chapter.3}% 37
\BOOKMARK [2][-]{subsection.3.3.1}{\376\377\215\047\136\001\215\056\205\317}{section.3.3}% 38
\BOOKMARK [2][-]{subsection.3.3.2}{\376\377\145\057\116\330\142\113\153\265}{section.3.3}% 39
\BOOKMARK [2][-]{subsection.3.3.3}{\376\377\116\026\165\114\215\047\136\001}{section.3.3}% 40
